<?xml version="1.0" encoding="UTF-8"?>
<testng-results skipped="0" failed="1" total="1" passed="0">
  <reporter-output>
  </reporter-output>
  <suite name="Suite" duration-ms="34330" started-at="2020-11-30T10:14:41Z" finished-at="2020-11-30T10:15:15Z">
    <groups>
      <group name="Dynamics_CRM">
        <method signature="TTC01_SearchCaseNumber_CRM.Search_for_CaseNumber()[pri:0, instance:lbe.digitaltransformation.Dynamics.Test.TTC01_SearchCaseNumber_CRM@58ceff1]" name="Search_for_CaseNumber" class="lbe.digitaltransformation.Dynamics.Test.TTC01_SearchCaseNumber_CRM"/>
      </group> <!-- Dynamics_CRM -->
    </groups>
    <test name="Test" duration-ms="34330" started-at="2020-11-30T10:14:41Z" finished-at="2020-11-30T10:15:15Z">
      <class name="lbe.digitaltransformation.Dynamics.Test.TTC01_SearchCaseNumber_CRM">
        <test-method status="PASS" signature="BrowserLaunch_ReportInitiate()[pri:0, instance:lbe.digitaltransformation.Dynamics.Test.TTC01_SearchCaseNumber_CRM@58ceff1]" name="BrowserLaunch_ReportInitiate" is-config="true" duration-ms="34990" started-at="2020-11-30T15:44:06Z" finished-at="2020-11-30T15:44:41Z">
          <reporter-output>
          </reporter-output>
        </test-method> <!-- BrowserLaunch_ReportInitiate -->
        <test-method status="PASS" signature="CouncilWebsiteOpened()[pri:0, instance:lbe.digitaltransformation.Dynamics.Test.TTC01_SearchCaseNumber_CRM@58ceff1]" name="CouncilWebsiteOpened" is-config="true" duration-ms="16866" started-at="2020-11-30T15:44:41Z" finished-at="2020-11-30T15:44:57Z">
          <reporter-output>
          </reporter-output>
        </test-method> <!-- CouncilWebsiteOpened -->
        <test-method status="PASS" signature="ToStartReport()[pri:0, instance:lbe.digitaltransformation.Dynamics.Test.TTC01_SearchCaseNumber_CRM@58ceff1]" name="ToStartReport" is-config="true" duration-ms="8890" started-at="2020-11-30T15:44:57Z" finished-at="2020-11-30T15:45:06Z">
          <reporter-output>
          </reporter-output>
        </test-method> <!-- ToStartReport -->
        <test-method status="FAIL" signature="Search_for_CaseNumber()[pri:0, instance:lbe.digitaltransformation.Dynamics.Test.TTC01_SearchCaseNumber_CRM@58ceff1]" name="Search_for_CaseNumber" duration-ms="4877" started-at="2020-11-30T15:45:06Z" finished-at="2020-11-30T15:45:11Z">
          <exception class="java.lang.AssertionError">
            <message>
              <![CDATA[expected [mldev05.crm8.dynamics.com] but found [Sign in to your account]]]>
            </message>
            <full-stacktrace>
              <![CDATA[java.lang.AssertionError: expected [mldev05.crm8.dynamics.com] but found [Sign in to your account]
	at org.testng.Assert.fail(Assert.java:94)
	at org.testng.Assert.failNotEquals(Assert.java:513)
	at org.testng.Assert.assertEqualsImpl(Assert.java:135)
	at org.testng.Assert.assertEquals(Assert.java:116)
	at org.testng.Assert.assertEquals(Assert.java:190)
	at org.testng.Assert.assertEquals(Assert.java:200)
	at lbe.digitaltransformation.Dynamics.Pages.DynamicsSignIn.Dynamicslogin(DynamicsSignIn.java:46)
	at lbe.digitaltransformation.Dynamics.Test.TTC01_SearchCaseNumber_CRM.Search_for_CaseNumber(TTC01_SearchCaseNumber_CRM.java:50)
	at sun.reflect.NativeMethodAccessorImpl.invoke0(Native Method)
	at sun.reflect.NativeMethodAccessorImpl.invoke(Unknown Source)
	at sun.reflect.DelegatingMethodAccessorImpl.invoke(Unknown Source)
	at java.lang.reflect.Method.invoke(Unknown Source)
	at org.testng.internal.MethodInvocationHelper.invokeMethod(MethodInvocationHelper.java:86)
	at org.testng.internal.Invoker.invokeMethod(Invoker.java:645)
	at org.testng.internal.Invoker.invokeTestMethod(Invoker.java:822)
	at org.testng.internal.Invoker.invokeTestMethods(Invoker.java:1130)
	at org.testng.internal.TestMethodWorker.invokeTestMethods(TestMethodWorker.java:129)
	at org.testng.internal.TestMethodWorker.run(TestMethodWorker.java:112)
	at org.testng.TestRunner.privateRun(TestRunner.java:782)
	at org.testng.TestRunner.run(TestRunner.java:632)
	at org.testng.SuiteRunner.runTest(SuiteRunner.java:366)
	at org.testng.SuiteRunner.runSequentially(SuiteRunner.java:361)
	at org.testng.SuiteRunner.privateRun(SuiteRunner.java:319)
	at org.testng.SuiteRunner.run(SuiteRunner.java:268)
	at org.testng.SuiteRunnerWorker.runSuite(SuiteRunnerWorker.java:52)
	at org.testng.SuiteRunnerWorker.run(SuiteRunnerWorker.java:86)
	at org.testng.TestNG.runSuitesSequentially(TestNG.java:1244)
	at org.testng.TestNG.runSuitesLocally(TestNG.java:1169)
	at org.testng.TestNG.run(TestNG.java:1064)
	at org.testng.remote.RemoteTestNG.run(RemoteTestNG.java:113)
	at org.testng.remote.RemoteTestNG.initAndRun(RemoteTestNG.java:206)
	at org.testng.remote.RemoteTestNG.main(RemoteTestNG.java:177)
]]>
            </full-stacktrace>
          </exception> <!-- java.lang.AssertionError -->
          <reporter-output>
          </reporter-output>
        </test-method> <!-- Search_for_CaseNumber -->
        <test-method status="PASS" signature="tearDown(org.testng.ITestResult)[pri:0, instance:lbe.digitaltransformation.Dynamics.Test.TTC01_SearchCaseNumber_CRM@58ceff1]" name="tearDown" is-config="true" duration-ms="1" started-at="2020-11-30T15:45:11Z" finished-at="2020-11-30T15:45:11Z">
          <params>
            <param index="0">
              <value>
                <![CDATA[[TestResult name=Search_for_CaseNumber status=FAILURE method=TTC01_SearchCaseNumber_CRM.Search_for_CaseNumber()[pri:0, instance:lbe.digitaltransformation.Dynamics.Test.TTC01_SearchCaseNumber_CRM@58ceff1] output={null}]]]>
              </value>
            </param>
          </params>
          <reporter-output>
          </reporter-output>
        </test-method> <!-- tearDown -->
        <test-method status="PASS" signature="ToEndReport()[pri:0, instance:lbe.digitaltransformation.Dynamics.Test.TTC01_SearchCaseNumber_CRM@58ceff1]" name="ToEndReport" is-config="true" duration-ms="3466" started-at="2020-11-30T15:45:11Z" finished-at="2020-11-30T15:45:15Z">
          <reporter-output>
          </reporter-output>
        </test-method> <!-- ToEndReport -->
        <test-method status="PASS" signature="BrowserClosed_ReportGenerated()[pri:0, instance:lbe.digitaltransformation.Dynamics.Test.TTC01_SearchCaseNumber_CRM@58ceff1]" name="BrowserClosed_ReportGenerated" is-config="true" duration-ms="80" started-at="2020-11-30T15:45:16Z" finished-at="2020-11-30T15:45:16Z">
          <reporter-output>
          </reporter-output>
        </test-method> <!-- BrowserClosed_ReportGenerated -->
      </class> <!-- lbe.digitaltransformation.Dynamics.Test.TTC01_SearchCaseNumber_CRM -->
    </test> <!-- Test -->
  </suite> <!-- Suite -->
</testng-results>
